Performing C SOURCE FILE Test CMAKE_HAVE_LIBC_PTHREAD failed with the following output:
Change Dir: /mnt/d/University/ИТиРОД/Lab1/Server/cmake-build-debug/CMakeFiles/CMakeTmp

Run Build Command(s):/usr/bin/make cmTC_97072/fast && /usr/bin/make -f CMakeFiles/cmTC_97072.dir/build.make CMakeFiles/cmTC_97072.dir/build
make[1]: Entering directory '/mnt/d/University/ИТиРОД/Lab1/Server/cmake-build-debug/CMakeFiles/CMakeTmp'
Building C object CMakeFiles/cmTC_97072.dir/src.c.o
/usr/bin/gcc-9   -DCMAKE_HAVE_LIBC_PTHREAD   -o CMakeFiles/cmTC_97072.dir/src.c.o   -c /mnt/d/University/ИТиРОД/Lab1/Server/cmake-build-debug/CMakeFiles/CMakeTmp/src.c
Linking C executable cmTC_97072
/usr/local/bin/cmake -E cmake_link_script CMakeFiles/cmTC_97072.dir/link.txt --verbose=1
/usr/bin/gcc-9  -DCMAKE_HAVE_LIBC_PTHREAD    CMakeFiles/cmTC_97072.dir/src.c.o  -o cmTC_97072 
CMakeFiles/cmTC_97072.dir/src.c.o: In function `main':
src.c:(.text+0x3e): undefined reference to `pthread_create'
src.c:(.text+0x4a): undefined reference to `pthread_detach'
src.c:(.text+0x5b): undefined reference to `pthread_join'
src.c:(.text+0x6f): undefined reference to `pthread_atfork'
collect2: error: ld returned 1 exit status
CMakeFiles/cmTC_97072.dir/build.make:86: recipe for target 'cmTC_97072' failed
make[1]: *** [cmTC_97072] Error 1
make[1]: Leaving directory '/mnt/d/University/ИТиРОД/Lab1/Server/cmake-build-debug/CMakeFiles/CMakeTmp'
Makefile:121: recipe for target 'cmTC_97072/fast' failed
make: *** [cmTC_97072/fast] Error 2


Source file was:
#include <pthread.h>

void* test_func(void* data)
{
  return data;
}

int main(void)
{
  pthread_t thread;
  pthread_create(&thread, NULL, test_func, NULL);
  pthread_detach(thread);
  pthread_join(thread, NULL);
  pthread_atfork(NULL, NULL, NULL);
  pthread_exit(NULL);

  return 0;
}

Determining if the function pthread_create exists in the pthreads failed with the following output:
Change Dir: /mnt/d/University/ИТиРОД/Lab1/Server/cmake-build-debug/CMakeFiles/CMakeTmp

Run Build Command(s):/usr/bin/make cmTC_aabf5/fast && /usr/bin/make -f CMakeFiles/cmTC_aabf5.dir/build.make CMakeFiles/cmTC_aabf5.dir/build
make[1]: Entering directory '/mnt/d/University/ИТиРОД/Lab1/Server/cmake-build-debug/CMakeFiles/CMakeTmp'
Building C object CMakeFiles/cmTC_aabf5.dir/CheckFunctionExists.c.o
/usr/bin/gcc-9   -DCHECK_FUNCTION_EXISTS=pthread_create   -o CMakeFiles/cmTC_aabf5.dir/CheckFunctionExists.c.o   -c /usr/local/share/cmake-3.16/Modules/CheckFunctionExists.c
Linking C executable cmTC_aabf5
/usr/local/bin/cmake -E cmake_link_script CMakeFiles/cmTC_aabf5.dir/link.txt --verbose=1
/usr/bin/gcc-9  -DCHECK_FUNCTION_EXISTS=pthread_create    CMakeFiles/cmTC_aabf5.dir/CheckFunctionExists.c.o  -o cmTC_aabf5  -lpthreads 
/usr/bin/ld: cannot find -lpthreads
collect2: error: ld returned 1 exit status
CMakeFiles/cmTC_aabf5.dir/build.make:86: recipe for target 'cmTC_aabf5' failed
make[1]: *** [cmTC_aabf5] Error 1
make[1]: Leaving directory '/mnt/d/University/ИТиРОД/Lab1/Server/cmake-build-debug/CMakeFiles/CMakeTmp'
Makefile:121: recipe for target 'cmTC_aabf5/fast' failed
make: *** [cmTC_aabf5/fast] Error 2



