Performing C SOURCE FILE Test CMAKE_HAVE_LIBC_PTHREAD failed with the following output:
Change Dir: /mnt/d/University/ИТиРОД/Lab1/Client/cmake-build-debug/CMakeFiles/CMakeTmp

Run Build Command(s):/usr/bin/make cmTC_c507f/fast && make[1]: Entering directory '/mnt/d/University/ИТиРОД/Lab1/Client/cmake-build-debug/CMakeFiles/CMakeTmp'
/usr/bin/make -f CMakeFiles/cmTC_c507f.dir/build.make CMakeFiles/cmTC_c507f.dir/build
make[2]: Entering directory '/mnt/d/University/ИТиРОД/Lab1/Client/cmake-build-debug/CMakeFiles/CMakeTmp'
Building C object CMakeFiles/cmTC_c507f.dir/src.c.o
/usr/bin/gcc-9   -DCMAKE_HAVE_LIBC_PTHREAD   -o CMakeFiles/cmTC_c507f.dir/src.c.o   -c /mnt/d/University/ИТиРОД/Lab1/Client/cmake-build-debug/CMakeFiles/CMakeTmp/src.c
Linking C executable cmTC_c507f
/usr/local/bin/cmake -E cmake_link_script CMakeFiles/cmTC_c507f.dir/link.txt --verbose=1
/usr/bin/gcc-9  -DCMAKE_HAVE_LIBC_PTHREAD    CMakeFiles/cmTC_c507f.dir/src.c.o  -o cmTC_c507f 
CMakeFiles/cmTC_c507f.dir/src.c.o: In function `main':
src.c:(.text+0x3e): undefined reference to `pthread_create'
src.c:(.text+0x4a): undefined reference to `pthread_detach'
src.c:(.text+0x5b): undefined reference to `pthread_join'
src.c:(.text+0x6f): undefined reference to `pthread_atfork'
collect2: error: ld returned 1 exit status
CMakeFiles/cmTC_c507f.dir/build.make:86: recipe for target 'cmTC_c507f' failed
make[2]: *** [cmTC_c507f] Error 1
make[2]: Leaving directory '/mnt/d/University/ИТиРОД/Lab1/Client/cmake-build-debug/CMakeFiles/CMakeTmp'
Makefile:121: recipe for target 'cmTC_c507f/fast' failed
make[1]: *** [cmTC_c507f/fast] Error 2
make[1]: Leaving directory '/mnt/d/University/ИТиРОД/Lab1/Client/cmake-build-debug/CMakeFiles/CMakeTmp'


Source file was:
#include <pthread.h>

void* test_func(void* data)
{
  return data;
}

int main(void)
{
  pthread_t thread;
  pthread_create(&thread, NULL, test_func, NULL);
  pthread_detach(thread);
  pthread_join(thread, NULL);
  pthread_atfork(NULL, NULL, NULL);
  pthread_exit(NULL);

  return 0;
}

Determining if the function pthread_create exists in the pthreads failed with the following output:
Change Dir: /mnt/d/University/ИТиРОД/Lab1/Client/cmake-build-debug/CMakeFiles/CMakeTmp

Run Build Command(s):/usr/bin/make cmTC_16fa9/fast && make[1]: Entering directory '/mnt/d/University/ИТиРОД/Lab1/Client/cmake-build-debug/CMakeFiles/CMakeTmp'
/usr/bin/make -f CMakeFiles/cmTC_16fa9.dir/build.make CMakeFiles/cmTC_16fa9.dir/build
make[2]: Entering directory '/mnt/d/University/ИТиРОД/Lab1/Client/cmake-build-debug/CMakeFiles/CMakeTmp'
Building C object CMakeFiles/cmTC_16fa9.dir/CheckFunctionExists.c.o
/usr/bin/gcc-9   -DCHECK_FUNCTION_EXISTS=pthread_create   -o CMakeFiles/cmTC_16fa9.dir/CheckFunctionExists.c.o   -c /usr/local/share/cmake-3.16/Modules/CheckFunctionExists.c
Linking C executable cmTC_16fa9
/usr/local/bin/cmake -E cmake_link_script CMakeFiles/cmTC_16fa9.dir/link.txt --verbose=1
/usr/bin/gcc-9  -DCHECK_FUNCTION_EXISTS=pthread_create    CMakeFiles/cmTC_16fa9.dir/CheckFunctionExists.c.o  -o cmTC_16fa9  -lpthreads 
/usr/bin/ld: cannot find -lpthreads
collect2: error: ld returned 1 exit status
CMakeFiles/cmTC_16fa9.dir/build.make:86: recipe for target 'cmTC_16fa9' failed
make[2]: *** [cmTC_16fa9] Error 1
make[2]: Leaving directory '/mnt/d/University/ИТиРОД/Lab1/Client/cmake-build-debug/CMakeFiles/CMakeTmp'
Makefile:121: recipe for target 'cmTC_16fa9/fast' failed
make[1]: *** [cmTC_16fa9/fast] Error 2
make[1]: Leaving directory '/mnt/d/University/ИТиРОД/Lab1/Client/cmake-build-debug/CMakeFiles/CMakeTmp'



